
ROM used:   3999/8192 (49%)
            4083/8192 (50%) including unused fragments

            2.3 Average locations per line
            6.7 Average locations per statement

RAM used:   87/368 (24%) at main() level
            102/368 (28%) worst case

Stack used: 3 worst case (3 in main + 0 for interrupts)
Stack size: 8

Lines Stmts  %   Files
----- ----- ---  -----
  690   536  89  main.c
  671     0   0  ..\..\..\..\..\Program Files (x86)\PICC\devices\16F877A.h
  227    63  11  DS1307.c
  163     0   0  ..\..\..\..\..\Program Files (x86)\PICC\drivers\stdint.h
----- -----
 1751   599 Total

Page ROM  %  RAM   Vol Diff  Functions:
---- --- --- ---   --- ----  ----------
0     20   1    1             @delay_ms1
0     16   0    1             @I2C_WRITEU_1
0     16   0    1             @I2C_READU_1
0     17   0    3    75  2.8  bcd_to_decimal
0     37   1    2             @MUL88
0     18   0    2    78  3.1  decimal_to_bcd
0     21   1    3             @DIV88
0    265   7    6  1037  4.8  RTC_Set
0     95   2    1  1114  4.4  RTC_Get
 Inline         2   151  1.7  RTC_Write_Reg
0     31   1    2   254  3.2  RTC_Read_Reg
0     22   1    1   132  1.8  SQWE_Set
0     30   1    1    78  2.5  OSC_Enable
0     14   0    0             @const745
0     99   2    3   494  5.5  CHOT
0     73   2    7   537  7.0  quet_phim
0    647  16    3  4243  4.0  hienthi_main
0     37   1    5             @DIV1616
0     62   2    6             @DIVS1616
1    587  15    3  3904  4.0  hienthi
1   1448  36    4 13701 10.4  MAIN
0     31   1    2             @ITOF
0    136   3   13             @MULFF
0    219   5   14             @DIVFF
0     33   1    4             @SFTOI
0     21   1    5             @MUL1616
 Inline         0             @cinit1

Program metrics:
    Functions               13
    Statements              599
    Comments                211
    Volume (V)              33647
    Difficulty (D)          57.4
    Effort to implement (E) 1931861
    Time to implement (T)   29 hours, 49 minutes
    Est Delivered Bugs (B)  5
    Cyclomatic Complexity   84
    Maintainability (MI)    65

 Segment     Used  Free
-----------  ----  ----
00000-00003     4  0  
00004-007FF  1960  84  
00800-00FFF  2035  13  
01000-017FF     0  2048  
01800-01FFF     0  2048  



